#
# There is insufficient memory for the Java Runtime Environment to continue.
# Native memory allocation (malloc) failed to allocate 1875472 bytes. Error detail: Chunk::new
# Possible reasons:
#   The system is out of physical RAM or swap space
#   This process is running with CompressedOops enabled, and the Java Heap may be blocking the growth of the native heap
# Possible solutions:
#   Reduce memory load on the system
#   Increase physical memory or swap space
#   Check if swap backing store is full
#   Decrease Java heap size (-Xmx/-Xms)
#   Decrease number of Java threads
#   Decrease Java thread stack sizes (-Xss)
#   Set larger code cache with -XX:ReservedCodeCacheSize=
#   JVM is running with Unscaled Compressed Oops mode in which the Java heap is
#     placed in the first 4GB address space. The Java Heap base address is the
#     maximum limit for the native heap growth. Please use -XX:HeapBaseMinAddress
#     to set the Java Heap base and to place the Java Heap above 4GB virtual address.
# This output file may be truncated or incomplete.
#
#  Out of Memory Error (arena.cpp:168), pid=22408, tid=2840
#
# JRE version: OpenJDK Runtime Environment Temurin-21.0.8+9 (21.0.8+9) (build 21.0.8+9-LTS)
# Java VM: OpenJDK 64-Bit Server VM Temurin-21.0.8+9 (21.0.8+9-LTS, mixed mode, sharing, tiered, compressed oops, compressed class ptrs, parallel gc, windows-amd64)
# No core dump will be written. Minidumps are not enabled by default on client versions of Windows
#

---------------  S U M M A R Y ------------

Command Line: --add-modules=ALL-SYSTEM --add-opens=java.base/java.util=ALL-UNNAMED --add-opens=java.base/java.lang=ALL-UNNAMED --add-opens=java.base/sun.nio.fs=ALL-UNNAMED -Declipse.application=org.eclipse.jdt.ls.core.id1 -Dosgi.bundles.defaultStartLevel=4 -Declipse.product=org.eclipse.jdt.ls.core.product -Djava.import.generatesMetadataFilesAtProjectRoot=false -DDetectVMInstallationsJob.disabled=true -Dfile.encoding=utf8 -XX:+UseParallelGC -XX:GCTimeRatio=4 -XX:AdaptiveSizePolicyWeight=90 -Dsun.zip.disableMemoryMapping=true -Xmx2G -Xms100m -Xlog:disable -javaagent:c:\Users\alifs\.vscode\extensions\redhat.java-1.44.0-win32-x64\lombok\lombok-1.18.39-4050.jar -XX:+HeapDumpOnOutOfMemoryError -XX:HeapDumpPath=c:\Users\alifs\AppData\Roaming\Code\User\workspaceStorage\4d0264fd494bebd1bf88f3329a656c8c\redhat.java -Daether.dependencyCollector.impl=bf c:\Users\alifs\.vscode\extensions\redhat.java-1.44.0-win32-x64\server\plugins\org.eclipse.equinox.launcher_1.7.0.v20250519-0528.jar -configuration c:\Users\alifs\AppData\Roaming\Code\User\globalStorage\redhat.java\1.44.0\config_win -data c:\Users\alifs\AppData\Roaming\Code\User\workspaceStorage\4d0264fd494bebd1bf88f3329a656c8c\redhat.java\jdt_ws --pipe=\\.\pipe\lsp-bfe6e604ffccf97e20cb9f1fc3c57ca9-sock

Host: AMD Ryzen 5 7535HS with Radeon Graphics        , 12 cores, 5G,  Windows 11 , 64 bit Build 26100 (10.0.26100.4768)
Time: Thu Aug 21 20:35:27 2025 Bangladesh Standard Time elapsed time: 521.538044 seconds (0d 0h 8m 41s)

---------------  T H R E A D  ---------------

Current thread (0x000001d575014930):  JavaThread "C2 CompilerThread0" daemon [_thread_in_native, id=2840, stack(0x0000004aa3300000,0x0000004aa3400000) (1024K)]


Current CompileTask:
C2:521538 18437 %     4       org.lombokweb.asm.SymbolTable::<init> @ 98 (554 bytes)

Stack: [0x0000004aa3300000,0x0000004aa3400000]
Native frames: (J=compiled Java code, j=interpreted, Vv=VM code, C=native code)
V  [jvm.dll+0x6d2449]
V  [jvm.dll+0x8ae341]
V  [jvm.dll+0x8b08be]
V  [jvm.dll+0x8b0fa3]
V  [jvm.dll+0x280c96]
V  [jvm.dll+0xc581d]
V  [jvm.dll+0xc5d53]
V  [jvm.dll+0x3b919c]
V  [jvm.dll+0x1e1213]
V  [jvm.dll+0x249022]
V  [jvm.dll+0x2484af]
V  [jvm.dll+0x1c89ee]
V  [jvm.dll+0x257d4d]
V  [jvm.dll+0x2562ea]
V  [jvm.dll+0x3f2d16]
V  [jvm.dll+0x857e6b]
V  [jvm.dll+0x6d0b0d]
C  [ucrtbase.dll+0x37b0]
C  [KERNEL32.DLL+0x2e8d7]
C  [ntdll.dll+0x3c34c]


---------------  P R O C E S S  ---------------

Threads class SMR info:
_java_thread_list=0x000001d579bb6a40, length=55, elements={
0x000001d5153dbaa0, 0x000001d5750048b0, 0x000001d5176de8e0, 0x000001d575009940,
0x000001d575007790, 0x000001d575009fa0, 0x000001d57500ffb0, 0x000001d575014930,
0x000001d5750493b0, 0x000001d51779b670, 0x000001d5752eb7a0, 0x000001d5755acc90,
0x000001d5755977e0, 0x000001d5755d3570, 0x000001d5755dfde0, 0x000001d575f13eb0,
0x000001d576285410, 0x000001d575ba8c80, 0x000001d575ba9310, 0x000001d575ba6520,
0x000001d5767f5b60, 0x000001d5767f75a0, 0x000001d5767f7c30, 0x000001d5767f82c0,
0x000001d5767f8950, 0x000001d5767f61f0, 0x000001d5767f6880, 0x000001d5767f54d0,
0x000001d5767faa20, 0x000001d5767f9d00, 0x000001d5767f9670, 0x000001d5767fb0b0,
0x000001d5767fb740, 0x000001d5767f8fe0, 0x000001d5767fbdd0, 0x000001d5767fc460,
0x000001d576bc4b40, 0x000001d576bc6580, 0x000001d576bca720, 0x000001d576bcb440,
0x000001d57774c990, 0x000001d57774d6b0, 0x000001d57774b5e0, 0x000001d5777511c0,
0x000001d57774f0f0, 0x000001d5796c4d20, 0x000001d576bc44b0, 0x000001d57774bc70,
0x000001d57774f780, 0x000001d577751850, 0x000001d577750b30, 0x000001d57774e3d0,
0x000001d57774ea60, 0x000001d5796c0b80, 0x000001d57b1dfeb0
}

Java Threads: ( => current thread )
  0x000001d5153dbaa0 JavaThread "main"                              [_thread_blocked, id=26204, stack(0x0000004aa2900000,0x0000004aa2a00000) (1024K)]
  0x000001d5750048b0 JavaThread "Reference Handler"          daemon [_thread_blocked, id=1664, stack(0x0000004aa2d00000,0x0000004aa2e00000) (1024K)]
  0x000001d5176de8e0 JavaThread "Finalizer"                  daemon [_thread_blocked, id=4972, stack(0x0000004aa2e00000,0x0000004aa2f00000) (1024K)]
  0x000001d575009940 JavaThread "Signal Dispatcher"          daemon [_thread_blocked, id=5892, stack(0x0000004aa2f00000,0x0000004aa3000000) (1024K)]
  0x000001d575007790 JavaThread "Attach Listener"            daemon [_thread_blocked, id=7908, stack(0x0000004aa3000000,0x0000004aa3100000) (1024K)]
  0x000001d575009fa0 JavaThread "Service Thread"             daemon [_thread_blocked, id=25048, stack(0x0000004aa3100000,0x0000004aa3200000) (1024K)]
  0x000001d57500ffb0 JavaThread "Monitor Deflation Thread"   daemon [_thread_blocked, id=29320, stack(0x0000004aa3200000,0x0000004aa3300000) (1024K)]
=>0x000001d575014930 JavaThread "C2 CompilerThread0"         daemon [_thread_in_native, id=2840, stack(0x0000004aa3300000,0x0000004aa3400000) (1024K)]
  0x000001d5750493b0 JavaThread "C1 CompilerThread0"         daemon [_thread_blocked, id=13516, stack(0x0000004aa3400000,0x0000004aa3500000) (1024K)]
  0x000001d51779b670 JavaThread "Common-Cleaner"             daemon [_thread_blocked, id=28000, stack(0x0000004aa3500000,0x0000004aa3600000) (1024K)]
  0x000001d5752eb7a0 JavaThread "Notification Thread"        daemon [_thread_blocked, id=14144, stack(0x0000004aa3600000,0x0000004aa3700000) (1024K)]
  0x000001d5755acc90 JavaThread "Active Thread: Equinox Container: e5188f95-a835-4e1c-b2a1-8a68dc3ab4ff"        [_thread_blocked, id=29220, stack(0x0000004aa3d00000,0x0000004aa3e00000) (1024K)]
  0x000001d5755977e0 JavaThread "Refresh Thread: Equinox Container: e5188f95-a835-4e1c-b2a1-8a68dc3ab4ff" daemon [_thread_blocked, id=22540, stack(0x0000004aa3f00000,0x0000004aa4000000) (1024K)]
  0x000001d5755d3570 JavaThread "Framework Event Dispatcher: Equinox Container: e5188f95-a835-4e1c-b2a1-8a68dc3ab4ff" daemon [_thread_blocked, id=20360, stack(0x0000004aa4000000,0x0000004aa4100000) (1024K)]
  0x000001d5755dfde0 JavaThread "Start Level: Equinox Container: e5188f95-a835-4e1c-b2a1-8a68dc3ab4ff" daemon [_thread_blocked, id=21656, stack(0x0000004aa4100000,0x0000004aa4200000) (1024K)]
  0x000001d575f13eb0 JavaThread "Bundle File Closer"         daemon [_thread_blocked, id=31120, stack(0x0000004aa4400000,0x0000004aa4500000) (1024K)]
  0x000001d576285410 JavaThread "SCR Component Actor"        daemon [_thread_blocked, id=3548, stack(0x0000004aa4600000,0x0000004aa4700000) (1024K)]
  0x000001d575ba8c80 JavaThread "Worker-JM"                         [_thread_blocked, id=30596, stack(0x0000004aa4500000,0x0000004aa4600000) (1024K)]
  0x000001d575ba9310 JavaThread "JNA Cleaner"                daemon [_thread_blocked, id=23584, stack(0x0000004aa4800000,0x0000004aa4900000) (1024K)]
  0x000001d575ba6520 JavaThread "Java indexing"              daemon [_thread_blocked, id=14476, stack(0x0000004aa4b00000,0x0000004aa4c00000) (1024K)]
  0x000001d5767f5b60 JavaThread "Thread-2"                   daemon [_thread_in_native, id=21808, stack(0x0000004aa5100000,0x0000004aa5200000) (1024K)]
  0x000001d5767f75a0 JavaThread "Thread-3"                   daemon [_thread_in_native, id=14008, stack(0x0000004aa5200000,0x0000004aa5300000) (1024K)]
  0x000001d5767f7c30 JavaThread "Thread-4"                   daemon [_thread_in_native, id=24244, stack(0x0000004aa5300000,0x0000004aa5400000) (1024K)]
  0x000001d5767f82c0 JavaThread "Thread-5"                   daemon [_thread_in_native, id=27216, stack(0x0000004aa5400000,0x0000004aa5500000) (1024K)]
  0x000001d5767f8950 JavaThread "Thread-6"                   daemon [_thread_in_native, id=16844, stack(0x0000004aa5500000,0x0000004aa5600000) (1024K)]
  0x000001d5767f61f0 JavaThread "Thread-7"                   daemon [_thread_in_native, id=24916, stack(0x0000004aa5600000,0x0000004aa5700000) (1024K)]
  0x000001d5767f6880 JavaThread "Thread-8"                   daemon [_thread_in_native, id=13524, stack(0x0000004aa5700000,0x0000004aa5800000) (1024K)]
  0x000001d5767f54d0 JavaThread "Thread-9"                   daemon [_thread_in_native, id=28908, stack(0x0000004aa5800000,0x0000004aa5900000) (1024K)]
  0x000001d5767faa20 JavaThread "Thread-10"                  daemon [_thread_in_native, id=14128, stack(0x0000004aa5900000,0x0000004aa5a00000) (1024K)]
  0x000001d5767f9d00 JavaThread "Thread-11"                  daemon [_thread_in_native, id=22476, stack(0x0000004aa5a00000,0x0000004aa5b00000) (1024K)]
  0x000001d5767f9670 JavaThread "Thread-12"                  daemon [_thread_in_native, id=30828, stack(0x0000004aa5b00000,0x0000004aa5c00000) (1024K)]
  0x000001d5767fb0b0 JavaThread "Thread-13"                  daemon [_thread_in_native, id=30592, stack(0x0000004aa5c00000,0x0000004aa5d00000) (1024K)]
  0x000001d5767fb740 JavaThread "Thread-14"                  daemon [_thread_in_native, id=23684, stack(0x0000004aa5d00000,0x0000004aa5e00000) (1024K)]
  0x000001d5767f8fe0 JavaThread "pool-2-thread-1"                   [_thread_blocked, id=24912, stack(0x0000004aa5e00000,0x0000004aa5f00000) (1024K)]
  0x000001d5767fbdd0 JavaThread "WorkspaceEventsHandler"            [_thread_blocked, id=13544, stack(0x0000004aa5f00000,0x0000004aa6000000) (1024K)]
  0x000001d5767fc460 JavaThread "pool-1-thread-1"                   [_thread_blocked, id=22600, stack(0x0000004aa6000000,0x0000004aa6100000) (1024K)]
  0x000001d576bc4b40 JavaThread "LocalFile Deleter"          daemon [_thread_blocked, id=21968, stack(0x0000004aa6800000,0x0000004aa6900000) (1024K)]
  0x000001d576bc6580 JavaThread "LocalFile Deleter"          daemon [_thread_blocked, id=23180, stack(0x0000004aa6a00000,0x0000004aa6b00000) (1024K)]
  0x000001d576bca720 JavaThread "LocalFile Deleter"          daemon [_thread_blocked, id=10848, stack(0x0000004aa6c00000,0x0000004aa6d00000) (1024K)]
  0x000001d576bcb440 JavaThread "LocalFile Deleter"          daemon [_thread_blocked, id=19988, stack(0x0000004aa6d00000,0x0000004aa6e00000) (1024K)]
  0x000001d57774c990 JavaThread "ForkJoinPool.commonPool-worker-1" daemon [_thread_blocked, id=30436, stack(0x0000004aa8400000,0x0000004aa8500000) (1024K)]
  0x000001d57774d6b0 JavaThread "ForkJoinPool.commonPool-worker-2" daemon [_thread_blocked, id=14364, stack(0x0000004aa8200000,0x0000004aa8300000) (1024K)]
  0x000001d57774b5e0 JavaThread "ForkJoinPool.commonPool-worker-6" daemon [_thread_blocked, id=29060, stack(0x0000004aa8800000,0x0000004aa8900000) (1024K)]
  0x000001d5777511c0 JavaThread "ForkJoinPool.commonPool-worker-7" daemon [_thread_blocked, id=29624, stack(0x0000004aa8900000,0x0000004aa8a00000) (1024K)]
  0x000001d57774f0f0 JavaThread "ForkJoinPool.commonPool-worker-9" daemon [_thread_blocked, id=20348, stack(0x0000004aa8b00000,0x0000004aa8c00000) (1024K)]
  0x000001d5796c4d20 JavaThread "Worker-7"                          [_thread_blocked, id=5100, stack(0x0000004aa2600000,0x0000004aa2700000) (1024K)]
  0x000001d576bc44b0 JavaThread "Worker-12"                         [_thread_blocked, id=24732, stack(0x0000004aa4700000,0x0000004aa4800000) (1024K)]
  0x000001d57774bc70 JavaThread "Worker-13"                         [_thread_blocked, id=6644, stack(0x0000004aa2700000,0x0000004aa2800000) (1024K)]
  0x000001d57774f780 JavaThread "Worker-14"                         [_thread_blocked, id=21992, stack(0x0000004aa2800000,0x0000004aa2900000) (1024K)]
  0x000001d577751850 JavaThread "Worker-15"                         [_thread_blocked, id=6984, stack(0x0000004aa4900000,0x0000004aa4a00000) (1024K)]
  0x000001d577750b30 JavaThread "ForkJoinPool.commonPool-worker-12" daemon [_thread_blocked, id=11352, stack(0x0000004aa4a00000,0x0000004aa4b00000) (1024K)]
  0x000001d57774e3d0 JavaThread "ForkJoinPool.commonPool-worker-13" daemon [_thread_blocked, id=5896, stack(0x0000004aa4c00000,0x0000004aa4d00000) (1024K)]
  0x000001d57774ea60 JavaThread "ForkJoinPool.commonPool-worker-14" daemon [_thread_blocked, id=28748, stack(0x0000004aa4d00000,0x0000004aa4e00000) (1024K)]
  0x000001d5796c0b80 JavaThread "Cleaner-0"                  daemon [_thread_blocked, id=29372, stack(0x0000004aa4e00000,0x0000004aa4f00000) (1024K)]
  0x000001d57b1dfeb0 JavaThread "C2 CompilerThread1"         daemon [_thread_blocked, id=22252, stack(0x0000004aa4f00000,0x0000004aa5000000) (1024K)]
Total: 55

Other Threads:
  0x000001d5176c4960 VMThread "VM Thread"                           [id=31260, stack(0x0000004aa2c00000,0x0000004aa2d00000) (1024K)]
  0x000001d5175bca00 WatcherThread "VM Periodic Task Thread"        [id=23764, stack(0x0000004aa2b00000,0x0000004aa2c00000) (1024K)]
  0x000001d51774d0b0 WorkerThread "GC Thread#0"                     [id=26536, stack(0x0000004aa2a00000,0x0000004aa2b00000) (1024K)]
  0x000001d575645a80 WorkerThread "GC Thread#1"                     [id=24728, stack(0x0000004aa3700000,0x0000004aa3800000) (1024K)]
  0x000001d575646d90 WorkerThread "GC Thread#2"                     [id=25940, stack(0x0000004aa3800000,0x0000004aa3900000) (1024K)]
  0x000001d5757375b0 WorkerThread "GC Thread#3"                     [id=14332, stack(0x0000004aa3900000,0x0000004aa3a00000) (1024K)]
  0x000001d575737950 WorkerThread "GC Thread#4"                     [id=29788, stack(0x0000004aa3a00000,0x0000004aa3b00000) (1024K)]
  0x000001d575737cf0 WorkerThread "GC Thread#5"                     [id=1428, stack(0x0000004aa3b00000,0x0000004aa3c00000) (1024K)]
  0x000001d575738090 WorkerThread "GC Thread#6"                     [id=29752, stack(0x0000004aa3c00000,0x0000004aa3d00000) (1024K)]
  0x000001d5759c0930 WorkerThread "GC Thread#7"                     [id=14208, stack(0x0000004aa3e00000,0x0000004aa3f00000) (1024K)]
  0x000001d575e5f910 WorkerThread "GC Thread#8"                     [id=2220, stack(0x0000004aa4200000,0x0000004aa4300000) (1024K)]
  0x000001d576185e90 WorkerThread "GC Thread#9"                     [id=23092, stack(0x0000004aa4300000,0x0000004aa4400000) (1024K)]
Total: 12

Threads with active compile tasks:
C2 CompilerThread0  521569 18437 %     4       org.lombokweb.asm.SymbolTable::<init> @ 98 (554 bytes)
Total: 1

VM state: not at safepoint (normal execution)

VM Mutex/Monitor currently owned by a thread: None

Heap address: 0x0000000080000000, size: 2048 MB, Compressed Oops mode: 32-bit

CDS archive(s) mapped at: [0x000001d52e000000-0x000001d52eba0000-0x000001d52eba0000), size 12189696, SharedBaseAddress: 0x000001d52e000000, ArchiveRelocationMode: 1.
Compressed class space mapped at: 0x000001d52f000000-0x000001d56f000000, reserved size: 1073741824
Narrow klass base: 0x000001d52e000000, Narrow klass shift: 0, Narrow klass range: 0x100000000

GC Precious Log:
 CardTable entry size: 512
 CPUs: 12 total, 12 available
 Memory: 5845M
 Large Page Support: Disabled
 NUMA Support: Disabled
 Compressed Oops: Enabled (32-bit)
 Alignments: Space 512K, Generation 512K, Heap 2M
 Heap Min Capacity: 100M
 Heap Initial Capacity: 100M
 Heap Max Capacity: 2G
 Pre-touch: Disabled
 Parallel Workers: 10

Heap:
 PSYoungGen      total 3072K, used 1272K [0x00000000d5580000, 0x00000000d5980000, 0x0000000100000000)
  eden space 2048K, 33% used [0x00000000d5580000,0x00000000d562e008,0x00000000d5780000)
  from space 1024K, 56% used [0x00000000d5880000,0x00000000d5910000,0x00000000d5980000)
  to   space 1024K, 0% used [0x00000000d5780000,0x00000000d5780000,0x00000000d5880000)
 ParOldGen       total 1064960K, used 247290K [0x0000000080000000, 0x00000000c1000000, 0x00000000d5580000)
  object space 1064960K, 23% used [0x0000000080000000,0x000000008f17e988,0x00000000c1000000)
 Metaspace       used 74879K, committed 76608K, reserved 1179648K
  class space    used 7608K, committed 8384K, reserved 1048576K

Card table byte_map: [0x000001d5170d0000,0x000001d5174e0000] _byte_map_base: 0x000001d516cd0000

Marking Bits: (ParMarkBitMap*) 0x00007ffe73b3a340
 Begin Bits: [0x000001d529bd0000, 0x000001d52bbd0000)
 End Bits:   [0x000001d52bbd0000, 0x000001d52dbd0000)

Polling page: 0x000001d515580000

Metaspace:

Usage:
  Non-class:     65.69 MB used.
      Class:      7.43 MB used.
       Both:     73.12 MB used.

Virtual space:
  Non-class space:      128.00 MB reserved,      66.62 MB ( 52%) committed,  2 nodes.
      Class space:        1.00 GB reserved,       8.19 MB ( <1%) committed,  1 nodes.
             Both:        1.12 GB reserved,      74.81 MB (  6%) committed. 

Chunk freelists:
   Non-Class:  12.91 MB
       Class:  7.83 MB
        Both:  20.73 MB

MaxMetaspaceSize: unlimited
CompressedClassSpaceSize: 1.00 GB
Initial GC threshold: 21.00 MB
Current GC threshold: 120.12 MB
CDS: on
 - commit_granule_bytes: 65536.
 - commit_granule_words: 8192.
 - virtual_space_node_default_size: 8388608.
 - enlarge_chunks_in_place: 1.
 - use_allocation_guard: 0.


Internal statistics:

num_allocs_failed_limit: 9.
num_arena_births: 1582.
num_arena_deaths: 70.
num_vsnodes_births: 3.
num_vsnodes_deaths: 0.
num_space_committed: 1197.
num_space_uncommitted: 0.
num_chunks_returned_to_freelist: 100.
num_chunks_taken_from_freelist: 5333.
num_chunk_merges: 23.
num_chunk_splits: 3174.
num_chunks_enlarged: 1689.
num_inconsistent_stats: 0.

CodeHeap 'non-profiled nmethods': size=120000Kb used=12192Kb max_used=12192Kb free=107807Kb
 bounds [0x000001d5223f0000, 0x000001d522fe0000, 0x000001d529920000]
CodeHeap 'profiled nmethods': size=120000Kb used=38071Kb max_used=40459Kb free=81928Kb
 bounds [0x000001d51a920000, 0x000001d51d0b0000, 0x000001d521e50000]
CodeHeap 'non-nmethods': size=5760Kb used=1485Kb max_used=1537Kb free=4274Kb
 bounds [0x000001d521e50000, 0x000001d5220c0000, 0x000001d5223f0000]
CodeCache: size=245760Kb, used=51748Kb, max_used=54188Kb, free=194009Kb
 total_blobs=17255, nmethods=16450, adapters=708, full_count=0
Compilation: enabled, stopped_count=0, restarted_count=0

Compilation events (20 events):
Event: 520.510 Thread 0x000001d57b1dfeb0 18368       4       org.eclipse.jdt.internal.compiler.lookup.TypeBinding::mentionsAny (33 bytes)
Event: 520.511 Thread 0x000001d57b1dfeb0 nmethod 18368 0x000001d522fd6010 code [0x000001d522fd61a0, 0x000001d522fd62f0]
Event: 520.511 Thread 0x000001d57b1dfeb0 18453       4       org.lombokweb.asm.SymbolTable::get (13 bytes)
Event: 520.512 Thread 0x000001d57b1dfeb0 nmethod 18453 0x000001d522fd6410 code [0x000001d522fd65a0, 0x000001d522fd66a0]
Event: 520.512 Thread 0x000001d57b1dfeb0 18245       4       org.eclipse.jdt.internal.corext.dom.GenericVisitor::endVisitNode (1 bytes)
Event: 520.512 Thread 0x000001d57b1dfeb0 nmethod 18245 0x000001d522fd6790 code [0x000001d522fd6920, 0x000001d522fd69a8]
Event: 520.512 Thread 0x000001d57b1dfeb0 18356       4       org.eclipse.jdt.internal.compiler.parser.Parser::consumeBlockStatement (1 bytes)
Event: 520.512 Thread 0x000001d57b1dfeb0 nmethod 18356 0x000001d522fd6a90 code [0x000001d522fd6c20, 0x000001d522fd6ca8]
Event: 520.512 Thread 0x000001d57b1dfeb0 18493       4       org.eclipse.jdt.internal.corext.dom.GenericVisitor::visit (6 bytes)
Event: 520.513 Thread 0x000001d57b1dfeb0 nmethod 18493 0x000001d522fd6d90 code [0x000001d522fd6f40, 0x000001d522fd7078]
Event: 520.513 Thread 0x000001d57b1dfeb0 18314       4       org.eclipse.jdt.internal.compiler.ast.Statement::getExpressionContext (4 bytes)
Event: 520.513 Thread 0x000001d57b1dfeb0 nmethod 18314 0x000001d522fd7190 code [0x000001d522fd7320, 0x000001d522fd73b0]
Event: 520.513 Thread 0x000001d57b1dfeb0 18321       4       org.eclipse.jdt.internal.compiler.ast.Literal::analyseCode (2 bytes)
Event: 520.513 Thread 0x000001d57b1dfeb0 nmethod 18321 0x000001d522fd7490 code [0x000001d522fd7620, 0x000001d522fd76a8]
Event: 520.513 Thread 0x000001d57b1dfeb0 18497       4       org.eclipse.jdt.core.dom.StringLiteral::accept0 (12 bytes)
Event: 520.513 Thread 0x000001d57b1dfeb0 nmethod 18497 0x000001d522fd7790 code [0x000001d522fd7920, 0x000001d522fd7a00]
Event: 520.513 Thread 0x000001d57b1dfeb0 18339       4       org.eclipse.jdt.internal.compiler.lookup.TypeVariableBinding::shortReadableName (5 bytes)
Event: 520.514 Thread 0x000001d57b1dfeb0 nmethod 18339 0x000001d522fd7b10 code [0x000001d522fd7ca0, 0x000001d522fd7d50]
Event: 520.514 Thread 0x000001d57b1dfeb0 18474       4       org.eclipse.jdt.internal.compiler.flow.UnconditionalFlowInfo::unconditionalInitsWithoutSideEffect (2 bytes)
Event: 520.514 Thread 0x000001d57b1dfeb0 nmethod 18474 0x000001d522fd7e10 code [0x000001d522fd7fa0, 0x000001d522fd8028]

GC Heap History (20 events):
Event: 517.293 GC heap before
{Heap before GC invocations=1371 (full 4):
 PSYoungGen      total 2560K, used 2532K [0x00000000d5580000, 0x00000000d5980000, 0x0000000100000000)
  eden space 2048K, 99% used [0x00000000d5580000,0x00000000d577ffb8,0x00000000d5780000)
  from space 512K, 94% used [0x00000000d5880000,0x00000000d58f91d0,0x00000000d5900000)
  to   space 1024K, 0% used [0x00000000d5780000,0x00000000d5780000,0x00000000d5880000)
 ParOldGen       total 1064960K, used 243615K [0x0000000080000000, 0x00000000c1000000, 0x00000000d5580000)
  object space 1064960K, 22% used [0x0000000080000000,0x000000008ede7df8,0x00000000c1000000)
 Metaspace       used 74638K, committed 76352K, reserved 1179648K
  class space    used 7594K, committed 8384K, reserved 1048576K
}
Event: 519.304 GC heap after
{Heap after GC invocations=1371 (full 4):
 PSYoungGen      total 3072K, used 1018K [0x00000000d5580000, 0x00000000d5980000, 0x0000000100000000)
  eden space 2048K, 0% used [0x00000000d5580000,0x00000000d5580000,0x00000000d5780000)
  from space 1024K, 99% used [0x00000000d5780000,0x00000000d587e968,0x00000000d5880000)
  to   space 512K, 0% used [0x00000000d5880000,0x00000000d5880000,0x00000000d5900000)
 ParOldGen       total 1064960K, used 243928K [0x0000000080000000, 0x00000000c1000000, 0x00000000d5580000)
  object space 1064960K, 22% used [0x0000000080000000,0x000000008ee36330,0x00000000c1000000)
 Metaspace       used 74638K, committed 76352K, reserved 1179648K
  class space    used 7594K, committed 8384K, reserved 1048576K
}
Event: 519.310 GC heap before
{Heap before GC invocations=1372 (full 4):
 PSYoungGen      total 3072K, used 3066K [0x00000000d5580000, 0x00000000d5980000, 0x0000000100000000)
  eden space 2048K, 100% used [0x00000000d5580000,0x00000000d5780000,0x00000000d5780000)
  from space 1024K, 99% used [0x00000000d5780000,0x00000000d587e968,0x00000000d5880000)
  to   space 512K, 0% used [0x00000000d5880000,0x00000000d5880000,0x00000000d5900000)
 ParOldGen       total 1064960K, used 243928K [0x0000000080000000, 0x00000000c1000000, 0x00000000d5580000)
  object space 1064960K, 22% used [0x0000000080000000,0x000000008ee36330,0x00000000c1000000)
 Metaspace       used 74638K, committed 76352K, reserved 1179648K
  class space    used 7594K, committed 8384K, reserved 1048576K
}
Event: 520.322 GC heap after
{Heap after GC invocations=1372 (full 4):
 PSYoungGen      total 1536K, used 506K [0x00000000d5580000, 0x00000000d5b80000, 0x0000000100000000)
  eden space 1024K, 0% used [0x00000000d5580000,0x00000000d5580000,0x00000000d5680000)
  from space 512K, 98% used [0x00000000d5880000,0x00000000d58fe908,0x00000000d5900000)
  to   space 2048K, 0% used [0x00000000d5680000,0x00000000d5680000,0x00000000d5880000)
 ParOldGen       total 1064960K, used 245288K [0x0000000080000000, 0x00000000c1000000, 0x00000000d5580000)
  object space 1064960K, 23% used [0x0000000080000000,0x000000008ef8a180,0x00000000c1000000)
 Metaspace       used 74638K, committed 76352K, reserved 1179648K
  class space    used 7594K, committed 8384K, reserved 1048576K
}
Event: 520.327 GC heap before
{Heap before GC invocations=1373 (full 4):
 PSYoungGen      total 1536K, used 1506K [0x00000000d5580000, 0x00000000d5b80000, 0x0000000100000000)
  eden space 1024K, 97% used [0x00000000d5580000,0x00000000d567a030,0x00000000d5680000)
  from space 512K, 98% used [0x00000000d5880000,0x00000000d58fe908,0x00000000d5900000)
  to   space 2048K, 0% used [0x00000000d5680000,0x00000000d5680000,0x00000000d5880000)
 ParOldGen       total 1064960K, used 245288K [0x0000000080000000, 0x00000000c1000000, 0x00000000d5580000)
  object space 1064960K, 23% used [0x0000000080000000,0x000000008ef8a180,0x00000000c1000000)
 Metaspace       used 74639K, committed 76352K, reserved 1179648K
  class space    used 7594K, committed 8384K, reserved 1048576K
}
Event: 520.330 GC heap after
{Heap after GC invocations=1373 (full 4):
 PSYoungGen      total 1536K, used 224K [0x00000000d5580000, 0x00000000d5900000, 0x0000000100000000)
  eden space 1024K, 0% used [0x00000000d5580000,0x00000000d5580000,0x00000000d5680000)
  from space 512K, 43% used [0x00000000d5680000,0x00000000d56b8000,0x00000000d5700000)
  to   space 1024K, 0% used [0x00000000d5800000,0x00000000d5800000,0x00000000d5900000)
 ParOldGen       total 1064960K, used 245914K [0x0000000080000000, 0x00000000c1000000, 0x00000000d5580000)
  object space 1064960K, 23% used [0x0000000080000000,0x000000008f026be8,0x00000000c1000000)
 Metaspace       used 74639K, committed 76352K, reserved 1179648K
  class space    used 7594K, committed 8384K, reserved 1048576K
}
Event: 520.347 GC heap before
{Heap before GC invocations=1374 (full 4):
 PSYoungGen      total 1536K, used 1248K [0x00000000d5580000, 0x00000000d5900000, 0x0000000100000000)
  eden space 1024K, 100% used [0x00000000d5580000,0x00000000d5680000,0x00000000d5680000)
  from space 512K, 43% used [0x00000000d5680000,0x00000000d56b8000,0x00000000d5700000)
  to   space 1024K, 0% used [0x00000000d5800000,0x00000000d5800000,0x00000000d5900000)
 ParOldGen       total 1064960K, used 245914K [0x0000000080000000, 0x00000000c1000000, 0x00000000d5580000)
  object space 1064960K, 23% used [0x0000000080000000,0x000000008f026be8,0x00000000c1000000)
 Metaspace       used 74786K, committed 76480K, reserved 1179648K
  class space    used 7598K, committed 8384K, reserved 1048576K
}
Event: 520.348 GC heap after
{Heap after GC invocations=1374 (full 4):
 PSYoungGen      total 1536K, used 256K [0x00000000d5580000, 0x00000000d5880000, 0x0000000100000000)
  eden space 1024K, 0% used [0x00000000d5580000,0x00000000d5580000,0x00000000d5680000)
  from space 512K, 50% used [0x00000000d5800000,0x00000000d5840000,0x00000000d5880000)
  to   space 512K, 0% used [0x00000000d5680000,0x00000000d5680000,0x00000000d5700000)
 ParOldGen       total 1064960K, used 246010K [0x0000000080000000, 0x00000000c1000000, 0x00000000d5580000)
  object space 1064960K, 23% used [0x0000000080000000,0x000000008f03ebe8,0x00000000c1000000)
 Metaspace       used 74786K, committed 76480K, reserved 1179648K
  class space    used 7598K, committed 8384K, reserved 1048576K
}
Event: 520.351 GC heap before
{Heap before GC invocations=1375 (full 4):
 PSYoungGen      total 1536K, used 1280K [0x00000000d5580000, 0x00000000d5880000, 0x0000000100000000)
  eden space 1024K, 100% used [0x00000000d5580000,0x00000000d5680000,0x00000000d5680000)
  from space 512K, 50% used [0x00000000d5800000,0x00000000d5840000,0x00000000d5880000)
  to   space 512K, 0% used [0x00000000d5680000,0x00000000d5680000,0x00000000d5700000)
 ParOldGen       total 1064960K, used 246010K [0x0000000080000000, 0x00000000c1000000, 0x00000000d5580000)
  object space 1064960K, 23% used [0x0000000080000000,0x000000008f03ebe8,0x00000000c1000000)
 Metaspace       used 74786K, committed 76480K, reserved 1179648K
  class space    used 7598K, committed 8384K, reserved 1048576K
}
Event: 520.352 GC heap after
{Heap after GC invocations=1375 (full 4):
 PSYoungGen      total 1536K, used 330K [0x00000000d5580000, 0x00000000d5880000, 0x0000000100000000)
  eden space 1024K, 0% used [0x00000000d5580000,0x00000000d5580000,0x00000000d5680000)
  from space 512K, 64% used [0x00000000d5680000,0x00000000d56d2a10,0x00000000d5700000)
  to   space 512K, 0% used [0x00000000d5800000,0x00000000d5800000,0x00000000d5880000)
 ParOldGen       total 1064960K, used 246074K [0x0000000080000000, 0x00000000c1000000, 0x00000000d5580000)
  object space 1064960K, 23% used [0x0000000080000000,0x000000008f04ebe8,0x00000000c1000000)
 Metaspace       used 74786K, committed 76480K, reserved 1179648K
  class space    used 7598K, committed 8384K, reserved 1048576K
}
Event: 520.355 GC heap before
{Heap before GC invocations=1376 (full 4):
 PSYoungGen      total 1536K, used 1354K [0x00000000d5580000, 0x00000000d5880000, 0x0000000100000000)
  eden space 1024K, 100% used [0x00000000d5580000,0x00000000d5680000,0x00000000d5680000)
  from space 512K, 64% used [0x00000000d5680000,0x00000000d56d2a10,0x00000000d5700000)
  to   space 512K, 0% used [0x00000000d5800000,0x00000000d5800000,0x00000000d5880000)
 ParOldGen       total 1064960K, used 246074K [0x0000000080000000, 0x00000000c1000000, 0x00000000d5580000)
  object space 1064960K, 23% used [0x0000000080000000,0x000000008f04ebe8,0x00000000c1000000)
 Metaspace       used 74786K, committed 76480K, reserved 1179648K
  class space    used 7598K, committed 8384K, reserved 1048576K
}
Event: 520.357 GC heap after
{Heap after GC invocations=1376 (full 4):
 PSYoungGen      total 1536K, used 432K [0x00000000d5580000, 0x00000000d5880000, 0x0000000100000000)
  eden space 1024K, 0% used [0x00000000d5580000,0x00000000d5580000,0x00000000d5680000)
  from space 512K, 84% used [0x00000000d5800000,0x00000000d586c010,0x00000000d5880000)
  to   space 512K, 0% used [0x00000000d5680000,0x00000000d5680000,0x00000000d5700000)
 ParOldGen       total 1064960K, used 246237K [0x0000000080000000, 0x00000000c1000000, 0x00000000d5580000)
  object space 1064960K, 23% used [0x0000000080000000,0x000000008f0775f8,0x00000000c1000000)
 Metaspace       used 74786K, committed 76480K, reserved 1179648K
  class space    used 7598K, committed 8384K, reserved 1048576K
}
Event: 520.360 GC heap before
{Heap before GC invocations=1377 (full 4):
 PSYoungGen      total 1536K, used 1456K [0x00000000d5580000, 0x00000000d5880000, 0x0000000100000000)
  eden space 1024K, 100% used [0x00000000d5580000,0x00000000d5680000,0x00000000d5680000)
  from space 512K, 84% used [0x00000000d5800000,0x00000000d586c010,0x00000000d5880000)
  to   space 512K, 0% used [0x00000000d5680000,0x00000000d5680000,0x00000000d5700000)
 ParOldGen       total 1064960K, used 246237K [0x0000000080000000, 0x00000000c1000000, 0x00000000d5580000)
  object space 1064960K, 23% used [0x0000000080000000,0x000000008f0775f8,0x00000000c1000000)
 Metaspace       used 74786K, committed 76480K, reserved 1179648K
  class space    used 7598K, committed 8384K, reserved 1048576K
}
Event: 520.362 GC heap after
{Heap after GC invocations=1377 (full 4):
 PSYoungGen      total 1536K, used 352K [0x00000000d5580000, 0x00000000d5880000, 0x0000000100000000)
  eden space 1024K, 0% used [0x00000000d5580000,0x00000000d5580000,0x00000000d5680000)
  from space 512K, 68% used [0x00000000d5680000,0x00000000d56d8000,0x00000000d5700000)
  to   space 512K, 0% used [0x00000000d5800000,0x00000000d5800000,0x00000000d5880000)
 ParOldGen       total 1064960K, used 246565K [0x0000000080000000, 0x00000000c1000000, 0x00000000d5580000)
  object space 1064960K, 23% used [0x0000000080000000,0x000000008f0c9608,0x00000000c1000000)
 Metaspace       used 74786K, committed 76480K, reserved 1179648K
  class space    used 7598K, committed 8384K, reserved 1048576K
}
Event: 520.367 GC heap before
{Heap before GC invocations=1378 (full 4):
 PSYoungGen      total 1536K, used 1376K [0x00000000d5580000, 0x00000000d5880000, 0x0000000100000000)
  eden space 1024K, 100% used [0x00000000d5580000,0x00000000d5680000,0x00000000d5680000)
  from space 512K, 68% used [0x00000000d5680000,0x00000000d56d8000,0x00000000d5700000)
  to   space 512K, 0% used [0x00000000d5800000,0x00000000d5800000,0x00000000d5880000)
 ParOldGen       total 1064960K, used 246565K [0x0000000080000000, 0x00000000c1000000, 0x00000000d5580000)
  object space 1064960K, 23% used [0x0000000080000000,0x000000008f0c9608,0x00000000c1000000)
 Metaspace       used 74786K, committed 76480K, reserved 1179648K
  class space    used 7598K, committed 8384K, reserved 1048576K
}
Event: 520.369 GC heap after
{Heap after GC invocations=1378 (full 4):
 PSYoungGen      total 2048K, used 448K [0x00000000d5580000, 0x00000000d5880000, 0x0000000100000000)
  eden space 1536K, 0% used [0x00000000d5580000,0x00000000d5580000,0x00000000d5700000)
  from space 512K, 87% used [0x00000000d5800000,0x00000000d5870000,0x00000000d5880000)
  to   space 512K, 0% used [0x00000000d5780000,0x00000000d5780000,0x00000000d5800000)
 ParOldGen       total 1064960K, used 246781K [0x0000000080000000, 0x00000000c1000000, 0x00000000d5580000)
  object space 1064960K, 23% used [0x0000000080000000,0x000000008f0ff608,0x00000000c1000000)
 Metaspace       used 74786K, committed 76480K, reserved 1179648K
  class space    used 7598K, committed 8384K, reserved 1048576K
}
Event: 520.378 GC heap before
{Heap before GC invocations=1379 (full 4):
 PSYoungGen      total 2048K, used 1984K [0x00000000d5580000, 0x00000000d5880000, 0x0000000100000000)
  eden space 1536K, 100% used [0x00000000d5580000,0x00000000d5700000,0x00000000d5700000)
  from space 512K, 87% used [0x00000000d5800000,0x00000000d5870000,0x00000000d5880000)
  to   space 512K, 0% used [0x00000000d5780000,0x00000000d5780000,0x00000000d5800000)
 ParOldGen       total 1064960K, used 246781K [0x0000000080000000, 0x00000000c1000000, 0x00000000d5580000)
  object space 1064960K, 23% used [0x0000000080000000,0x000000008f0ff608,0x00000000c1000000)
 Metaspace       used 74787K, committed 76480K, reserved 1179648K
  class space    used 7598K, committed 8384K, reserved 1048576K
}
Event: 520.380 GC heap after
{Heap after GC invocations=1379 (full 4):
 PSYoungGen      total 2560K, used 512K [0x00000000d5580000, 0x00000000d5980000, 0x0000000100000000)
  eden space 2048K, 0% used [0x00000000d5580000,0x00000000d5580000,0x00000000d5780000)
  from space 512K, 100% used [0x00000000d5780000,0x00000000d5800000,0x00000000d5800000)
  to   space 1024K, 0% used [0x00000000d5880000,0x00000000d5880000,0x00000000d5980000)
 ParOldGen       total 1064960K, used 247082K [0x0000000080000000, 0x00000000c1000000, 0x00000000d5580000)
  object space 1064960K, 23% used [0x0000000080000000,0x000000008f14a988,0x00000000c1000000)
 Metaspace       used 74787K, committed 76480K, reserved 1179648K
  class space    used 7598K, committed 8384K, reserved 1048576K
}
Event: 520.396 GC heap before
{Heap before GC invocations=1380 (full 4):
 PSYoungGen      total 2560K, used 2560K [0x00000000d5580000, 0x00000000d5980000, 0x0000000100000000)
  eden space 2048K, 100% used [0x00000000d5580000,0x00000000d5780000,0x00000000d5780000)
  from space 512K, 100% used [0x00000000d5780000,0x00000000d5800000,0x00000000d5800000)
  to   space 1024K, 0% used [0x00000000d5880000,0x00000000d5880000,0x00000000d5980000)
 ParOldGen       total 1064960K, used 247082K [0x0000000080000000, 0x00000000c1000000, 0x00000000d5580000)
  object space 1064960K, 23% used [0x0000000080000000,0x000000008f14a988,0x00000000c1000000)
 Metaspace       used 74814K, committed 76544K, reserved 1179648K
  class space    used 7598K, committed 8384K, reserved 1048576K
}
Event: 520.398 GC heap after
{Heap after GC invocations=1380 (full 4):
 PSYoungGen      total 3072K, used 576K [0x00000000d5580000, 0x00000000d5980000, 0x0000000100000000)
  eden space 2048K, 0% used [0x00000000d5580000,0x00000000d5580000,0x00000000d5780000)
  from space 1024K, 56% used [0x00000000d5880000,0x00000000d5910000,0x00000000d5980000)
  to   space 1024K, 0% used [0x00000000d5780000,0x00000000d5780000,0x00000000d5880000)
 ParOldGen       total 1064960K, used 247290K [0x0000000080000000, 0x00000000c1000000, 0x00000000d5580000)
  object space 1064960K, 23% used [0x0000000080000000,0x000000008f17e988,0x00000000c1000000)
 Metaspace       used 74814K, committed 76544K, reserved 1179648K
  class space    used 7598K, committed 8384K, reserved 1048576K
}

Dll operation events (10 events):
Event: 0.015 Loaded shared library c:\Users\alifs\.vscode\extensions\redhat.java-1.44.0-win32-x64\jre\21.0.8-win32-x86_64\bin\java.dll
Event: 0.111 Loaded shared library c:\Users\alifs\.vscode\extensions\redhat.java-1.44.0-win32-x64\jre\21.0.8-win32-x86_64\bin\zip.dll
Event: 0.140 Loaded shared library C:\Users\alifs\.vscode\extensions\redhat.java-1.44.0-win32-x64\jre\21.0.8-win32-x86_64\bin\instrument.dll
Event: 0.146 Loaded shared library C:\Users\alifs\.vscode\extensions\redhat.java-1.44.0-win32-x64\jre\21.0.8-win32-x86_64\bin\net.dll
Event: 0.150 Loaded shared library C:\Users\alifs\.vscode\extensions\redhat.java-1.44.0-win32-x64\jre\21.0.8-win32-x86_64\bin\nio.dll
Event: 0.156 Loaded shared library C:\Users\alifs\.vscode\extensions\redhat.java-1.44.0-win32-x64\jre\21.0.8-win32-x86_64\bin\zip.dll
Event: 0.178 Loaded shared library C:\Users\alifs\.vscode\extensions\redhat.java-1.44.0-win32-x64\jre\21.0.8-win32-x86_64\bin\jimage.dll
Event: 0.283 Loaded shared library c:\Users\alifs\.vscode\extensions\redhat.java-1.44.0-win32-x64\jre\21.0.8-win32-x86_64\bin\verify.dll
Event: 2.156 Loaded shared library C:\Users\alifs\AppData\Roaming\Code\User\globalStorage\redhat.java\1.44.0\config_win\org.eclipse.equinox.launcher\org.eclipse.equinox.launcher.win32.win32.x86_64_1.2.1400.v20250730-1736\eclipse_11913.dll
Event: 4.897 Loaded shared library C:\Users\alifs\AppData\Local\Temp\jna-92903147\jna1056150247071817180.dll

Deoptimization events (20 events):
Event: 517.072 Thread 0x000001d57774f0f0 Uncommon trap: trap_request=0xffffff6e fr.pc=0x000001d522f9d630 relative=0x0000000000001890
Event: 517.072 Thread 0x000001d57774f0f0 Uncommon trap: reason=loop_limit_check action=maybe_recompile pc=0x000001d522f9d630 method=org.eclipse.jdt.internal.compiler.lookup.BlockScope.findLocalType([C)Lorg/eclipse/jdt/internal/compiler/lookup/ReferenceBinding; @ 79 c2
Event: 517.072 Thread 0x000001d57774f0f0 DEOPT PACKING pc=0x000001d522f9d630 sp=0x0000004aa8bfd930
Event: 517.072 Thread 0x000001d57774f0f0 DEOPT UNPACKING pc=0x000001d521ea3aa2 sp=0x0000004aa8bfd810 mode 2
Event: 517.072 Thread 0x000001d57774f0f0 Uncommon trap: trap_request=0xffffff6e fr.pc=0x000001d522fa1198 relative=0x00000000000000f8
Event: 517.072 Thread 0x000001d57774f0f0 Uncommon trap: reason=loop_limit_check action=maybe_recompile pc=0x000001d522fa1198 method=org.eclipse.jdt.internal.compiler.lookup.BlockScope.findLocalType([C)Lorg/eclipse/jdt/internal/compiler/lookup/ReferenceBinding; @ 79 c2
Event: 517.072 Thread 0x000001d57774f0f0 DEOPT PACKING pc=0x000001d522fa1198 sp=0x0000004aa8bfd880
Event: 517.072 Thread 0x000001d57774f0f0 DEOPT UNPACKING pc=0x000001d521ea3aa2 sp=0x0000004aa8bfd810 mode 2
Event: 517.291 Thread 0x000001d57774f0f0 DEOPT PACKING pc=0x000001d51b984fd4 sp=0x0000004aa8bf7de0
Event: 517.291 Thread 0x000001d57774f0f0 DEOPT UNPACKING pc=0x000001d521ea4242 sp=0x0000004aa8bf74f0 mode 0
Event: 519.309 Thread 0x000001d57774f0f0 DEOPT PACKING pc=0x000001d51b282f27 sp=0x0000004aa8bf7cc0
Event: 519.309 Thread 0x000001d57774f0f0 DEOPT UNPACKING pc=0x000001d521ea4242 sp=0x0000004aa8bf7180 mode 0
Event: 520.323 Thread 0x000001d57774f0f0 DEOPT PACKING pc=0x000001d51b984fd4 sp=0x0000004aa8bf7c50
Event: 520.323 Thread 0x000001d57774f0f0 DEOPT UNPACKING pc=0x000001d521ea4242 sp=0x0000004aa8bf7360 mode 0
Event: 520.348 Thread 0x000001d57774e3d0 DEOPT PACKING pc=0x000001d51c54e4b9 sp=0x0000004aa4cfe800
Event: 520.349 Thread 0x000001d57774e3d0 DEOPT UNPACKING pc=0x000001d521ea4242 sp=0x0000004aa4cfdc88 mode 0
Event: 520.403 Thread 0x000001d57774e3d0 Uncommon trap: trap_request=0xffffffde fr.pc=0x000001d5227f6a98 relative=0x0000000000000078
Event: 520.403 Thread 0x000001d57774e3d0 Uncommon trap: reason=class_check action=maybe_recompile pc=0x000001d5227f6a98 method=java.util.LinkedHashMap.afterNodeInsertion(Z)V @ 15 c2
Event: 520.403 Thread 0x000001d57774e3d0 DEOPT PACKING pc=0x000001d5227f6a98 sp=0x0000004aa4cfecb0
Event: 520.403 Thread 0x000001d57774e3d0 DEOPT UNPACKING pc=0x000001d521ea3aa2 sp=0x0000004aa4cfec28 mode 2

Classes loaded (20 events):
Event: 113.410 Loading class java/nio/BufferMismatch
Event: 113.412 Loading class java/nio/BufferMismatch done
Event: 308.473 Loading class java/util/stream/Nodes$CollectorTask$OfRef
Event: 308.476 Loading class java/util/stream/Nodes$CollectorTask
Event: 308.478 Loading class java/util/stream/Nodes$CollectorTask done
Event: 308.479 Loading class java/util/stream/Nodes$CollectorTask$OfRef done
Event: 308.480 Loading class java/util/function/LongFunction
Event: 308.481 Loading class java/util/function/LongFunction done
Event: 308.483 Loading class java/util/stream/Nodes$ConcNode
Event: 308.484 Loading class java/util/stream/Nodes$AbstractConcNode
Event: 308.485 Loading class java/util/stream/Nodes$AbstractConcNode done
Event: 308.485 Loading class java/util/stream/Nodes$ConcNode done
Event: 308.518 Loading class java/io/ObjectOutputStream$BlockDataOutputStream
Event: 308.520 Loading class java/io/ObjectOutputStream$BlockDataOutputStream done
Event: 308.520 Loading class java/io/ObjectOutputStream$HandleTable
Event: 308.521 Loading class java/io/ObjectOutputStream$HandleTable done
Event: 308.521 Loading class java/io/ObjectOutputStream$ReplaceTable
Event: 308.521 Loading class java/io/ObjectOutputStream$ReplaceTable done
Event: 517.020 Loading class jdk/internal/ref/CleanerImpl$InnocuousThreadFactory
Event: 517.023 Loading class jdk/internal/ref/CleanerImpl$InnocuousThreadFactory done

Classes unloaded (20 events):
Event: 142.010 Thread 0x000001d5176c4960 Unloading class 0x000001d52f772c00 'java/lang/invoke/LambdaForm$MH+0x000001d52f772c00'
Event: 142.010 Thread 0x000001d5176c4960 Unloading class 0x000001d52f772400 'java/lang/invoke/LambdaForm$MH+0x000001d52f772400'
Event: 142.010 Thread 0x000001d5176c4960 Unloading class 0x000001d52f772000 'java/lang/invoke/LambdaForm$DMH+0x000001d52f772000'
Event: 142.010 Thread 0x000001d5176c4960 Unloading class 0x000001d52f771400 'java/lang/invoke/LambdaForm$MH+0x000001d52f771400'
Event: 142.010 Thread 0x000001d5176c4960 Unloading class 0x000001d52f770c00 'java/lang/invoke/LambdaForm$MH+0x000001d52f770c00'
Event: 142.010 Thread 0x000001d5176c4960 Unloading class 0x000001d52f770400 'java/lang/invoke/LambdaForm$MH+0x000001d52f770400'
Event: 142.010 Thread 0x000001d5176c4960 Unloading class 0x000001d52f76bc00 'java/lang/invoke/LambdaForm$DMH+0x000001d52f76bc00'
Event: 142.010 Thread 0x000001d5176c4960 Unloading class 0x000001d52f76b400 'java/lang/invoke/LambdaForm$MH+0x000001d52f76b400'
Event: 142.010 Thread 0x000001d5176c4960 Unloading class 0x000001d52f76ac00 'java/lang/invoke/LambdaForm$MH+0x000001d52f76ac00'
Event: 142.010 Thread 0x000001d5176c4960 Unloading class 0x000001d52f76a800 'java/lang/invoke/LambdaForm$MH+0x000001d52f76a800'
Event: 142.010 Thread 0x000001d5176c4960 Unloading class 0x000001d52f769c00 'java/lang/invoke/LambdaForm$MH+0x000001d52f769c00'
Event: 142.010 Thread 0x000001d5176c4960 Unloading class 0x000001d52f769400 'java/lang/invoke/LambdaForm$MH+0x000001d52f769400'
Event: 142.010 Thread 0x000001d5176c4960 Unloading class 0x000001d52f768c00 'java/lang/invoke/LambdaForm$MH+0x000001d52f768c00'
Event: 142.010 Thread 0x000001d5176c4960 Unloading class 0x000001d52f768400 'java/lang/invoke/LambdaForm$MH+0x000001d52f768400'
Event: 142.010 Thread 0x000001d5176c4960 Unloading class 0x000001d52f768000 'java/lang/invoke/LambdaForm$MH+0x000001d52f768000'
Event: 142.010 Thread 0x000001d5176c4960 Unloading class 0x000001d52f765400 'java/lang/invoke/LambdaForm$MH+0x000001d52f765400'
Event: 142.010 Thread 0x000001d5176c4960 Unloading class 0x000001d52f6a4c00 'java/lang/invoke/LambdaForm$DMH+0x000001d52f6a4c00'
Event: 142.010 Thread 0x000001d5176c4960 Unloading class 0x000001d52f6a5400 'java/lang/invoke/LambdaForm$DMH+0x000001d52f6a5400'
Event: 142.010 Thread 0x000001d5176c4960 Unloading class 0x000001d52f6a5000 'java/lang/invoke/LambdaForm$DMH+0x000001d52f6a5000'
Event: 142.010 Thread 0x000001d5176c4960 Unloading class 0x000001d52f6a4400 'java/lang/invoke/LambdaForm$DMH+0x000001d52f6a4400'

Classes redefined (0 events):
No events

Internal exceptions (20 events):
Event: 112.609 Thread 0x000001d575ba6520 Implicit null exception at 0x000001d52294cb42 to 0x000001d52294f99c
Event: 138.358 Thread 0x000001d5767fc460 Exception <a 'java/lang/IncompatibleClassChangeError'{0x00000000d5ae2ce0}: Found class java.lang.Object, but interface was expected> (0x00000000d5ae2ce0) 
thrown [s\src\hotspot\share\interpreter\linkResolver.cpp, line 840]
Event: 138.359 Thread 0x000001d5767fc460 Exception <a 'java/lang/IncompatibleClassChangeError'{0x00000000d5ae6be8}: Found class java.lang.Object, but interface was expected> (0x00000000d5ae6be8) 
thrown [s\src\hotspot\share\interpreter\linkResolver.cpp, line 840]
Event: 138.415 Thread 0x000001d5767fc460 Exception <a 'java/lang/IncompatibleClassChangeError'{0x00000000d56acb70}: Found class java.lang.Object, but interface was expected> (0x00000000d56acb70) 
thrown [s\src\hotspot\share\interpreter\linkResolver.cpp, line 840]
Event: 138.443 Thread 0x000001d577751850 Exception <a 'java/lang/NoSuchMethodError'{0x00000000d57632b8}: 'void java.lang.invoke.DirectMethodHandle$Holder.invokeSpecial(java.lang.Object, java.lang.Object, int)'> (0x00000000d57632b8) 
thrown [s\src\hotspot\share\interpreter\linkResolver.cpp, line 773]
Event: 138.768 Thread 0x000001d575ba6520 Exception <a 'sun/nio/fs/WindowsException'{0x00000000d5760528}> (0x00000000d5760528) 
thrown [s\src\hotspot\share\prims\jni.cpp, line 520]
Event: 139.262 Thread 0x000001d575ba6520 Exception <a 'sun/nio/fs/WindowsException'{0x00000000d56409c8}> (0x00000000d56409c8) 
thrown [s\src\hotspot\share\prims\jni.cpp, line 520]
Event: 308.561 Thread 0x000001d576bc7930 Exception <a 'java/lang/NoSuchMethodError'{0x00000000d570c808}: static [J.<clinit>()V> (0x00000000d570c808) 
thrown [s\src\hotspot\share\prims\jni.cpp, line 1111]
Event: 308.582 Thread 0x000001d576bc7930 Exception <a 'java/lang/NoSuchMethodError'{0x00000000d5747528}: 'java.lang.Object java.lang.invoke.DirectMethodHandle$Holder.newInvokeSpecial(java.lang.Object, java.lang.Object, java.lang.Object, java.lang.Object, java.lang.Object, java.lang.Object, java.lang.Object, java.lang.Object)'> (0x00000000d5747528) 
thrown [s\src\hotspot\share\interpreter\linkResolver.cpp, line 773]
Event: 515.207 Thread 0x000001d5767fc460 Exception <a 'java/lang/IncompatibleClassChangeError'{0x00000000d57ab4a0}: Found class java.lang.Object, but interface was expected> (0x00000000d57ab4a0) 
thrown [s\src\hotspot\share\interpreter\linkResolver.cpp, line 840]
Event: 515.936 Thread 0x000001d5767fc460 Exception <a 'java/lang/IncompatibleClassChangeError'{0x00000000d57ec930}: Found class java.lang.Object, but interface was expected> (0x00000000d57ec930) 
thrown [s\src\hotspot\share\interpreter\linkResolver.cpp, line 840]
Event: 515.948 Thread 0x000001d5767fc460 Exception <a 'java/lang/IncompatibleClassChangeError'{0x00000000d5836b78}: Found class java.lang.Object, but interface was expected> (0x00000000d5836b78) 
thrown [s\src\hotspot\share\interpreter\linkResolver.cpp, line 840]
Event: 515.971 Thread 0x000001d5767fc460 Exception <a 'java/lang/IncompatibleClassChangeError'{0x00000000d55988b0}: Found class java.lang.Object, but interface was expected> (0x00000000d55988b0) 
thrown [s\src\hotspot\share\interpreter\linkResolver.cpp, line 840]
Event: 515.976 Thread 0x000001d5767fc460 Exception <a 'java/lang/IncompatibleClassChangeError'{0x00000000d55e8db8}: Found class java.lang.Object, but interface was expected> (0x00000000d55e8db8) 
thrown [s\src\hotspot\share\interpreter\linkResolver.cpp, line 840]
Event: 515.987 Thread 0x000001d577750b30 Exception <a 'java/lang/NoSuchMethodError'{0x00000000d5648160}: 'java.lang.Object java.lang.invoke.DirectMethodHandle$Holder.invokeSpecial(java.lang.Object, java.lang.Object, java.lang.Object, java.lang.Object, int, java.lang.Object, java.lang.Object)'> (0x00000000d5648160) 
thrown [s\src\hotspot\share\interpreter\linkResolver.cpp, line 773]
Event: 515.987 Thread 0x000001d57774d6b0 Exception <a 'java/lang/NoSuchMethodError'{0x00000000d5689928}: 'java.lang.Object java.lang.invoke.DirectMethodHandle$Holder.invokeSpecial(java.lang.Object, java.lang.Object, java.lang.Object, java.lang.Object, int, java.lang.Object, java.lang.Object)'> (0x00000000d5689928) 
thrown [s\src\hotspot\share\interpreter\linkResolver.cpp, line 773]
Event: 516.012 Thread 0x000001d5777511c0 Exception <a 'java/lang/ArrayIndexOutOfBoundsException'{0x00000000d5778f10}> (0x00000000d5778f10) 
thrown [s\src\hotspot\share\runtime\sharedRuntime.cpp, line 625]
Event: 516.562 Thread 0x000001d57774e3d0 Implicit null exception at 0x000001d522eacc1e to 0x000001d522eae1c4
Event: 516.563 Thread 0x000001d57774e3d0 Implicit null exception at 0x000001d522f33966 to 0x000001d522f3476c
Event: 517.208 Thread 0x000001d57774f0f0 Exception <a 'java/lang/NoSuchMethodError'{0x00000000d574e710}: 'java.lang.Object java.lang.invoke.DirectMethodHandle$Holder.newInvokeSpecial(java.lang.Object, java.lang.Object, int, java.lang.Object, java.lang.Object, java.lang.Object, java.lang.Object)'> (0x00000000d574e710) 
thrown [s\src\hotspot\share\interpreter\linkResolver.cpp, line 773]

ZGC Phase Switch (0 events):
No events

VM Operations (20 events):
Event: 519.310 Executing VM operation: ParallelGCFailedAllocation (Allocation Failure)
Event: 520.322 Executing VM operation: ParallelGCFailedAllocation (Allocation Failure) done
Event: 520.327 Executing VM operation: ParallelGCFailedAllocation (Allocation Failure)
Event: 520.330 Executing VM operation: ParallelGCFailedAllocation (Allocation Failure) done
Event: 520.347 Executing VM operation: ParallelGCFailedAllocation (Allocation Failure)
Event: 520.348 Executing VM operation: ParallelGCFailedAllocation (Allocation Failure) done
Event: 520.351 Executing VM operation: ParallelGCFailedAllocation (Allocation Failure)
Event: 520.352 Executing VM operation: ParallelGCFailedAllocation (Allocation Failure) done
Event: 520.355 Executing VM operation: ParallelGCFailedAllocation (Allocation Failure)
Event: 520.357 Executing VM operation: ParallelGCFailedAllocation (Allocation Failure) done
Event: 520.360 Executing VM operation: ParallelGCFailedAllocation (Allocation Failure)
Event: 520.362 Executing VM operation: ParallelGCFailedAllocation (Allocation Failure) done
Event: 520.367 Executing VM operation: ParallelGCFailedAllocation (Allocation Failure)
Event: 520.369 Executing VM operation: ParallelGCFailedAllocation (Allocation Failure) done
Event: 520.378 Executing VM operation: ParallelGCFailedAllocation (Allocation Failure)
Event: 520.380 Executing VM operation: ParallelGCFailedAllocation (Allocation Failure) done
Event: 520.396 Executing VM operation: ParallelGCFailedAllocation (Allocation Failure)
Event: 520.398 Executing VM operation: ParallelGCFailedAllocation (Allocation Failure) done
Event: 521.408 Executing VM operation: Cleanup
Event: 521.408 Executing VM operation: Cleanup done

Memory protections (0 events):
No events

Nmethod flushes (20 events):
Event: 142.342 Thread 0x000001d5176c4960 flushing  nmethod 0x000001d51bad1210
Event: 142.342 Thread 0x000001d5176c4960 flushing  nmethod 0x000001d51bad3190
Event: 142.342 Thread 0x000001d5176c4960 flushing  nmethod 0x000001d51bafbd10
Event: 142.342 Thread 0x000001d5176c4960 flushing  nmethod 0x000001d51baff610
Event: 142.342 Thread 0x000001d5176c4960 flushing osr nmethod 0x000001d51bb04f90
Event: 142.342 Thread 0x000001d5176c4960 flushing  nmethod 0x000001d51bb13690
Event: 142.342 Thread 0x000001d5176c4960 flushing  nmethod 0x000001d51bb1e810
Event: 142.342 Thread 0x000001d5176c4960 flushing  nmethod 0x000001d51bb1fe90
Event: 142.342 Thread 0x000001d5176c4960 flushing  nmethod 0x000001d51bb7e410
Event: 142.343 Thread 0x000001d5176c4960 flushing  nmethod 0x000001d51bb91790
Event: 142.343 Thread 0x000001d5176c4960 flushing  nmethod 0x000001d51bc16e10
Event: 142.343 Thread 0x000001d5176c4960 flushing osr nmethod 0x000001d51bc17e90
Event: 142.343 Thread 0x000001d5176c4960 flushing  nmethod 0x000001d51bc94990
Event: 142.343 Thread 0x000001d5176c4960 flushing  nmethod 0x000001d51bcb4210
Event: 142.343 Thread 0x000001d5176c4960 flushing  nmethod 0x000001d51bcc3210
Event: 142.343 Thread 0x000001d5176c4960 flushing  nmethod 0x000001d51bcc3810
Event: 142.343 Thread 0x000001d5176c4960 flushing  nmethod 0x000001d51bcc3c10
Event: 142.343 Thread 0x000001d5176c4960 flushing  nmethod 0x000001d51bcc4190
Event: 142.343 Thread 0x000001d5176c4960 flushing  nmethod 0x000001d51bcc7f90
Event: 142.343 Thread 0x000001d5176c4960 flushing  nmethod 0x000001d51bcc8c10

Events (20 events):
Event: 315.455 Thread 0x000001d576bc8650 Thread exited: 0x000001d576bc8650
Event: 318.876 Thread 0x000001d577750b30 Thread exited: 0x000001d577750b30
Event: 368.429 Thread 0x000001d576bc51d0 Thread exited: 0x000001d576bc51d0
Event: 368.429 Thread 0x000001d576bc3e20 Thread exited: 0x000001d576bc3e20
Event: 375.444 Thread 0x000001d576bc72a0 Thread exited: 0x000001d576bc72a0
Event: 376.524 Thread 0x000001d576bc7930 Thread exited: 0x000001d576bc7930
Event: 378.882 Thread 0x000001d57774e3d0 Thread exited: 0x000001d57774e3d0
Event: 412.372 Thread 0x000001d576bc8ce0 Thread exited: 0x000001d576bc8ce0
Event: 435.452 Thread 0x000001d576bc5ef0 Thread exited: 0x000001d576bc5ef0
Event: 438.868 Thread 0x000001d576bc9a00 Thread exited: 0x000001d576bc9a00
Event: 438.885 Thread 0x000001d57774ea60 Thread exited: 0x000001d57774ea60
Event: 474.847 Thread 0x000001d576bc44b0 Thread added: 0x000001d57774bc70
Event: 474.848 Thread 0x000001d57774bc70 Thread added: 0x000001d57774f780
Event: 474.854 Thread 0x000001d5796c4d20 Thread added: 0x000001d577751850
Event: 495.483 Thread 0x000001d576bc5860 Thread exited: 0x000001d576bc5860
Event: 515.968 Thread 0x000001d5767fc460 Thread added: 0x000001d577750b30
Event: 515.974 Thread 0x000001d5767fc460 Thread added: 0x000001d57774e3d0
Event: 515.978 Thread 0x000001d5767fc460 Thread added: 0x000001d57774ea60
Event: 517.024 Thread 0x000001d57774f0f0 Thread added: 0x000001d5796c0b80
Event: 520.326 Thread 0x000001d5750493b0 Thread added: 0x000001d57b1dfeb0


Dynamic libraries:
0x00007ff737ff0000 - 0x00007ff737ffe000 	c:\Users\alifs\.vscode\extensions\redhat.java-1.44.0-win32-x64\jre\21.0.8-win32-x86_64\bin\java.exe
0x00007fff44560000 - 0x00007fff447c7000 	C:\WINDOWS\SYSTEM32\ntdll.dll
0x00007fff42e50000 - 0x00007fff42f19000 	C:\WINDOWS\System32\KERNEL32.DLL
0x00007fff417e0000 - 0x00007fff41bd0000 	C:\WINDOWS\System32\KERNELBASE.dll
0x00007fff41690000 - 0x00007fff417db000 	C:\WINDOWS\System32\ucrtbase.dll
0x00007fff24510000 - 0x00007fff24528000 	c:\Users\alifs\.vscode\extensions\redhat.java-1.44.0-win32-x64\jre\21.0.8-win32-x86_64\bin\jli.dll
0x00007fff42c80000 - 0x00007fff42e45000 	C:\WINDOWS\System32\USER32.dll
0x00007fff41e70000 - 0x00007fff41e97000 	C:\WINDOWS\System32\win32u.dll
0x00007fff258c0000 - 0x00007fff258de000 	c:\Users\alifs\.vscode\extensions\redhat.java-1.44.0-win32-x64\jre\21.0.8-win32-x86_64\bin\VCRUNTIME140.dll
0x00007fff43d50000 - 0x00007fff43d7b000 	C:\WINDOWS\System32\GDI32.dll
0x00007fff41ca0000 - 0x00007fff41dd8000 	C:\WINDOWS\System32\gdi32full.dll
0x00007fff1f450000 - 0x00007fff1f6ea000 	C:\WINDOWS\WinSxS\amd64_microsoft.windows.common-controls_6595b64144ccf1df_6.0.26100.4768_none_3e0c112ce331287c\COMCTL32.dll
0x00007fff41ea0000 - 0x00007fff41f43000 	C:\WINDOWS\System32\msvcp_win.dll
0x00007fff44380000 - 0x00007fff44429000 	C:\WINDOWS\System32\msvcrt.dll
0x00007fff433f0000 - 0x00007fff4341f000 	C:\WINDOWS\System32\IMM32.DLL
0x00007fff3e540000 - 0x00007fff3e54c000 	c:\Users\alifs\.vscode\extensions\redhat.java-1.44.0-win32-x64\jre\21.0.8-win32-x86_64\bin\vcruntime140_1.dll
0x00007ffec44a0000 - 0x00007ffec452d000 	c:\Users\alifs\.vscode\extensions\redhat.java-1.44.0-win32-x64\jre\21.0.8-win32-x86_64\bin\msvcp140.dll
0x00007ffe72e80000 - 0x00007ffe73c17000 	c:\Users\alifs\.vscode\extensions\redhat.java-1.44.0-win32-x64\jre\21.0.8-win32-x86_64\bin\server\jvm.dll
0x00007fff42f80000 - 0x00007fff43034000 	C:\WINDOWS\System32\ADVAPI32.dll
0x00007fff42bd0000 - 0x00007fff42c76000 	C:\WINDOWS\System32\sechost.dll
0x00007fff43240000 - 0x00007fff43358000 	C:\WINDOWS\System32\RPCRT4.dll
0x00007fff43cb0000 - 0x00007fff43d24000 	C:\WINDOWS\System32\WS2_32.dll
0x00007fff414f0000 - 0x00007fff4154e000 	C:\WINDOWS\SYSTEM32\POWRPROF.dll
0x00007fff3a390000 - 0x00007fff3a39b000 	C:\WINDOWS\SYSTEM32\VERSION.dll
0x00007fff38b20000 - 0x00007fff38b55000 	C:\WINDOWS\SYSTEM32\WINMM.dll
0x00007fff414d0000 - 0x00007fff414e4000 	C:\WINDOWS\SYSTEM32\UMPDC.dll
0x00007fff40410000 - 0x00007fff4042b000 	C:\WINDOWS\SYSTEM32\kernel.appcore.dll
0x00007fff3e530000 - 0x00007fff3e53a000 	c:\Users\alifs\.vscode\extensions\redhat.java-1.44.0-win32-x64\jre\21.0.8-win32-x86_64\bin\jimage.dll
0x00007fff336f0000 - 0x00007fff33931000 	C:\WINDOWS\SYSTEM32\DBGHELP.DLL
0x00007fff43d80000 - 0x00007fff44105000 	C:\WINDOWS\System32\combase.dll
0x00007fff435e0000 - 0x00007fff436c0000 	C:\WINDOWS\System32\OLEAUT32.dll
0x00007fff1b9b0000 - 0x00007fff1b9f3000 	C:\WINDOWS\SYSTEM32\dbgcore.DLL
0x00007fff41f50000 - 0x00007fff41fe9000 	C:\WINDOWS\System32\bcryptPrimitives.dll
0x00007fff3e4a0000 - 0x00007fff3e4af000 	c:\Users\alifs\.vscode\extensions\redhat.java-1.44.0-win32-x64\jre\21.0.8-win32-x86_64\bin\instrument.dll
0x00007fff29190000 - 0x00007fff291af000 	c:\Users\alifs\.vscode\extensions\redhat.java-1.44.0-win32-x64\jre\21.0.8-win32-x86_64\bin\java.dll
0x00007fff42470000 - 0x00007fff42bbd000 	C:\WINDOWS\System32\SHELL32.dll
0x00007fff42170000 - 0x00007fff422e3000 	C:\WINDOWS\System32\wintypes.dll
0x00007fff3f240000 - 0x00007fff3faa0000 	C:\WINDOWS\SYSTEM32\windows.storage.dll
0x00007fff422f0000 - 0x00007fff423e5000 	C:\WINDOWS\System32\SHCORE.dll
0x00007fff43360000 - 0x00007fff433ca000 	C:\WINDOWS\System32\shlwapi.dll
0x00007fff415b0000 - 0x00007fff415d9000 	C:\WINDOWS\SYSTEM32\profapi.dll
0x00007fff23960000 - 0x00007fff23978000 	c:\Users\alifs\.vscode\extensions\redhat.java-1.44.0-win32-x64\jre\21.0.8-win32-x86_64\bin\zip.dll
0x00007fff29ba0000 - 0x00007fff29bb0000 	C:\Users\alifs\.vscode\extensions\redhat.java-1.44.0-win32-x64\jre\21.0.8-win32-x86_64\bin\net.dll
0x00007fff3a740000 - 0x00007fff3a85e000 	C:\WINDOWS\SYSTEM32\WINHTTP.dll
0x00007fff409a0000 - 0x00007fff40a0b000 	C:\WINDOWS\system32\mswsock.dll
0x00007fff23480000 - 0x00007fff23496000 	C:\Users\alifs\.vscode\extensions\redhat.java-1.44.0-win32-x64\jre\21.0.8-win32-x86_64\bin\nio.dll
0x00007fff29180000 - 0x00007fff29190000 	c:\Users\alifs\.vscode\extensions\redhat.java-1.44.0-win32-x64\jre\21.0.8-win32-x86_64\bin\verify.dll
0x00007ffecc8a0000 - 0x00007ffecc8e5000 	C:\Users\alifs\AppData\Roaming\Code\User\globalStorage\redhat.java\1.44.0\config_win\org.eclipse.equinox.launcher\org.eclipse.equinox.launcher.win32.win32.x86_64_1.2.1400.v20250730-1736\eclipse_11913.dll
0x00007fff43430000 - 0x00007fff435d0000 	C:\WINDOWS\System32\ole32.dll
0x00007fff40c70000 - 0x00007fff40c8b000 	C:\WINDOWS\SYSTEM32\CRYPTSP.dll
0x00007fff40370000 - 0x00007fff403ab000 	C:\WINDOWS\system32\rsaenh.dll
0x00007fff40a40000 - 0x00007fff40a6b000 	C:\WINDOWS\SYSTEM32\USERENV.dll
0x00007fff41580000 - 0x00007fff415a6000 	C:\WINDOWS\SYSTEM32\bcrypt.dll
0x00007fff40c60000 - 0x00007fff40c6c000 	C:\WINDOWS\SYSTEM32\CRYPTBASE.dll
0x00007fff3fe90000 - 0x00007fff3fec3000 	C:\WINDOWS\SYSTEM32\IPHLPAPI.DLL
0x00007fff444e0000 - 0x00007fff444ea000 	C:\WINDOWS\System32\NSI.dll
0x00007ffec32f0000 - 0x00007ffec3339000 	C:\Users\alifs\AppData\Local\Temp\jna-92903147\jna1056150247071817180.dll
0x00007fff433e0000 - 0x00007fff433e8000 	C:\WINDOWS\System32\PSAPI.DLL
0x00007fff3bb50000 - 0x00007fff3bb6f000 	C:\WINDOWS\SYSTEM32\dhcpcsvc6.DLL
0x00007fff3bab0000 - 0x00007fff3bad5000 	C:\WINDOWS\SYSTEM32\dhcpcsvc.DLL

JVMTI agents:
c:\Users\alifs\.vscode\extensions\redhat.java-1.44.0-win32-x64\lombok\lombok-1.18.39-4050.jar path:c:\Users\alifs\.vscode\extensions\redhat.java-1.44.0-win32-x64\jre\21.0.8-win32-x86_64\bin\instrument.dll, loaded, initialized, instrumentlib options:none

dbghelp: loaded successfully - version: 4.0.5 - missing functions: none
symbol engine: initialized successfully - sym options: 0x614 - pdb path: .;c:\Users\alifs\.vscode\extensions\redhat.java-1.44.0-win32-x64\jre\21.0.8-win32-x86_64\bin;C:\WINDOWS\SYSTEM32;C:\WINDOWS\WinSxS\amd64_microsoft.windows.common-controls_6595b64144ccf1df_6.0.26100.4768_none_3e0c112ce331287c;c:\Users\alifs\.vscode\extensions\redhat.java-1.44.0-win32-x64\jre\21.0.8-win32-x86_64\bin\server;C:\Users\alifs\AppData\Roaming\Code\User\globalStorage\redhat.java\1.44.0\config_win\org.eclipse.equinox.launcher\org.eclipse.equinox.launcher.win32.win32.x86_64_1.2.1400.v20250730-1736;C:\Users\alifs\AppData\Local\Temp\jna-92903147

VM Arguments:
jvm_args: --add-modules=ALL-SYSTEM --add-opens=java.base/java.util=ALL-UNNAMED --add-opens=java.base/java.lang=ALL-UNNAMED --add-opens=java.base/sun.nio.fs=ALL-UNNAMED -Declipse.application=org.eclipse.jdt.ls.core.id1 -Dosgi.bundles.defaultStartLevel=4 -Declipse.product=org.eclipse.jdt.ls.core.product -Djava.import.generatesMetadataFilesAtProjectRoot=false -DDetectVMInstallationsJob.disabled=true -Dfile.encoding=utf8 -XX:+UseParallelGC -XX:GCTimeRatio=4 -XX:AdaptiveSizePolicyWeight=90 -Dsun.zip.disableMemoryMapping=true -Xmx2G -Xms100m -Xlog:disable -javaagent:c:\Users\alifs\.vscode\extensions\redhat.java-1.44.0-win32-x64\lombok\lombok-1.18.39-4050.jar -XX:+HeapDumpOnOutOfMemoryError -XX:HeapDumpPath=c:\Users\alifs\AppData\Roaming\Code\User\workspaceStorage\4d0264fd494bebd1bf88f3329a656c8c\redhat.java -Daether.dependencyCollector.impl=bf 
java_command: c:\Users\alifs\.vscode\extensions\redhat.java-1.44.0-win32-x64\server\plugins\org.eclipse.equinox.launcher_1.7.0.v20250519-0528.jar -configuration c:\Users\alifs\AppData\Roaming\Code\User\globalStorage\redhat.java\1.44.0\config_win -data c:\Users\alifs\AppData\Roaming\Code\User\workspaceStorage\4d0264fd494bebd1bf88f3329a656c8c\redhat.java\jdt_ws --pipe=\\.\pipe\lsp-bfe6e604ffccf97e20cb9f1fc3c57ca9-sock
java_class_path (initial): c:\Users\alifs\.vscode\extensions\redhat.java-1.44.0-win32-x64\server\plugins\org.eclipse.equinox.launcher_1.7.0.v20250519-0528.jar
Launcher Type: SUN_STANDARD

[Global flags]
    uintx AdaptiveSizePolicyWeight                 = 90                                        {product} {command line}
     intx CICompilerCount                          = 4                                         {product} {ergonomic}
    uintx GCTimeRatio                              = 4                                         {product} {command line}
     bool HeapDumpOnOutOfMemoryError               = true                                   {manageable} {command line}
    ccstr HeapDumpPath                             = c:\Users\alifs\AppData\Roaming\Code\User\workspaceStorage\4d0264fd494bebd1bf88f3329a656c8c\redhat.java         {manageable} {command line}
   size_t InitialHeapSize                          = 104857600                                 {product} {command line}
   size_t MaxHeapSize                              = 2147483648                                {product} {command line}
   size_t MaxNewSize                               = 715653120                                 {product} {ergonomic}
   size_t MinHeapDeltaBytes                        = 524288                                    {product} {ergonomic}
   size_t MinHeapSize                              = 104857600                                 {product} {command line}
   size_t NewSize                                  = 34603008                                  {product} {ergonomic}
    uintx NonNMethodCodeHeapSize                   = 5839372                                {pd product} {ergonomic}
    uintx NonProfiledCodeHeapSize                  = 122909434                              {pd product} {ergonomic}
   size_t OldSize                                  = 70254592                                  {product} {ergonomic}
    uintx ProfiledCodeHeapSize                     = 122909434                              {pd product} {ergonomic}
    uintx ReservedCodeCacheSize                    = 251658240                              {pd product} {ergonomic}
     bool SegmentedCodeCache                       = true                                      {product} {ergonomic}
   size_t SoftMaxHeapSize                          = 2147483648                             {manageable} {ergonomic}
     bool UseCompressedOops                        = true                           {product lp64_product} {ergonomic}
     bool UseLargePagesIndividualAllocation        = false                                  {pd product} {ergonomic}
     bool UseParallelGC                            = true                                      {product} {command line}

Logging:
Log output configuration:
 #0: stdout all=off uptime,level,tags foldmultilines=false
 #1: stderr all=off uptime,level,tags foldmultilines=false

Environment Variables:
JAVA_HOME=C:\Program Files\Amazon Corretto\jdk17.0.16_8
PATH=C:\Program Files\Amazon Corretto\jdk17.0.16_8\bin;C:\Program Files\Amazon Corretto\jdk11.0.28_6\bin;C:\Program Files\Python313\Scripts\;C:\Program Files\Python313\;C:\windows\system32;C:\windows;C:\windows\System32\Wbem;C:\windows\System32\WindowsPowerShell\v1.0\;C:\windows\System32\OpenSSH\;C:\Program Files (x86)\NVIDIA Corporation\PhysX\Common;C:\Users\Administrator\AppData\Local\Microsoft\WindowsApps;C:\Program Files\HP\OMEN-Broadcast\Common;C:\MinGW\bin;C:\Program Files\HP\HP One Agent;C:\Program Files\Git\cmd;C:\Program Files\Git\mingw64\bin;C:\Program Files\Git\usr\bin;C:\Program Files\Microsoft SQL Server\150\Tools\Binn\;C:\Program Files\Microsoft SQL Server\Client SDK\ODBC\170\Tools\Binn\;C:\Program Files\dotnet\;C:\Program Files\NVIDIA Corporation\NVIDIA app\NvDLISR;C:\Program Files\Cloudflare\Cloudflare WARP\;C:\WINDOWS\system32;C:\WINDOWS;C:\WINDOWS\System32\Wbem;C:\WINDOWS\System32\WindowsPowerShell\v1.0\;C:\WINDOWS\System32\OpenSSH\;C:\Program Files (x86)\Microsoft SQL Server\160\Tools\Binn\;C:\Program Files\Microsoft SQL Server\160\Tools\Binn\;C:\Program Files\Microsoft SQL Server\160\DTS\Binn\;C:\Program Files (x86)\Microsoft SQL Server\160\DTS\Binn\;C:\Program Files\Azure Data Studio\bin;C:\Program Files\nodejs\;C:\Program Files (x86)\dotnet\;C:\Program Files\MySQL\MySQL Shell 8.0\bin\;C:\Users\alifs\AppData\Local\Microsoft\WindowsApps;C:\Users\alifs\AppData\Local\Programs\Microsoft VS Code\bin;C:\Users\alifs\.dotnet\tools;;C:\Program Files\Azure Data Studio\bin;C:\Users\alifs\AppData\Roaming\npm;C:\maven\apache-maven-3.9.4\bin
USERNAME=alifs
OS=Windows_NT
PROCESSOR_IDENTIFIER=AMD64 Family 25 Model 68 Stepping 1, AuthenticAMD
TMP=C:\Users\alifs\AppData\Local\Temp
TEMP=C:\Users\alifs\AppData\Local\Temp




Periodic native trim disabled

---------------  S Y S T E M  ---------------

OS:
 Windows 11 , 64 bit Build 26100 (10.0.26100.4768)
OS uptime: 0 days 20:57 hours
Hyper-V role detected

CPU: total 12 (initial active 12) (12 cores per cpu, 2 threads per core) family 25 model 68 stepping 1 microcode 0xa404107, cx8, cmov, fxsr, ht, mmx, 3dnowpref, sse, sse2, sse3, ssse3, sse4a, sse4.1, sse4.2, popcnt, lzcnt, tsc, tscinvbit, avx, avx2, aes, erms, clmul, bmi1, bmi2, adx, sha, fma, vzeroupper, clflush, clflushopt, hv, rdtscp, rdpid, fsrm, f16c, cet_ss
Processor Information for the first 12 processors :
  Max Mhz: 3301, Current Mhz: 3301, Mhz Limit: 3301

Memory: 4k page, system-wide physical 5845M (384M free)
TotalPageFile size 24277M (AvailPageFile size 4M)
current process WorkingSet (physical memory assigned to process): 197M, peak: 851M
current process commit charge ("private bytes"): 1385M, peak: 1390M

vm_info: OpenJDK 64-Bit Server VM (21.0.8+9-LTS) for windows-amd64 JRE (21.0.8+9-LTS), built on 2025-07-15T00:00:00Z by "admin" with MS VC++ 17.7 (VS2022)

END.
